# JRE version: OpenJDK Runtime Environment (11.0.12+7) (build 11.0.12+7-b1504.28-7817840)
# Java VM: OpenJDK 64-Bit Server VM (11.0.12+7-b1504.28-7817840, mixed mode, tiered, compressed oops, g1 gc, windows-amd64)
Heap:
 garbage-first heap   total 447488K, used 243712K [0x0000000080000000, 0x0000000100000000)
  region size 1024K, 4 young (4096K), 4 survivors (4096K)
 Metaspace       used 112948K, capacity 116110K, committed 116480K, reserved 1150976K
  class space    used 14524K, capacity 15751K, committed 15872K, reserved 1048576K
GC Heap History (20 events):
Event: 40.227 GC heap after
{Heap after GC invocations=54 (full 0):
 garbage-first heap   total 236544K, used 130338K [0x0000000080000000, 0x0000000100000000)
  region size 1024K, 2 young (2048K), 2 survivors (2048K)
 Metaspace       used 108214K, capacity 111023K, committed 111104K, reserved 1144832K
  class space    used 14003K, capacity 15075K, committed 15104K, reserved 1048576K
}
Event: 40.884 GC heap before
{Heap before GC invocations=55 (full 0):
 garbage-first heap   total 236544K, used 205090K [0x0000000080000000, 0x0000000100000000)
  region size 1024K, 75 young (76800K), 2 survivors (2048K)
 Metaspace       used 109569K, capacity 112539K, committed 112640K, reserved 1146880K
  class space    used 14186K, capacity 15332K, committed 15360K, reserved 1048576K
}
Event: 40.893 GC heap after
{Heap after GC invocations=56 (full 0):
 garbage-first heap   total 236544K, used 132263K [0x0000000080000000, 0x0000000100000000)
  region size 1024K, 4 young (4096K), 4 survivors (4096K)
 Metaspace       used 109569K, capacity 112539K, committed 112640K, reserved 1146880K
  class space    used 14186K, capacity 15332K, committed 15360K, reserved 1048576K
}
Event: 40.941 GC heap before
{Heap before GC invocations=56 (full 0):
 garbage-first heap   total 236544K, used 138407K [0x0000000080000000, 0x0000000100000000)
  region size 1024K, 11 young (11264K), 4 survivors (4096K)
 Metaspace       used 109718K, capacity 112647K, committed 112896K, reserved 1146880K
  class space    used 14201K, capacity 15345K, committed 15360K, reserved 1048576K
}
Event: 40.947 GC heap after
{Heap after GC invocations=57 (full 0):
 garbage-first heap   total 236544K, used 131038K [0x0000000080000000, 0x0000000100000000)
  region size 1024K, 2 young (2048K), 2 survivors (2048K)
 Metaspace       used 109718K, capacity 112647K, committed 112896K, reserved 1146880K
  class space    used 14201K, capacity 15345K, committed 15360K, reserved 1048576K
}
Event: 42.223 GC heap before
{Heap before GC invocations=57 (full 0):
 garbage-first heap   total 236544K, used 216030K [0x0000000080000000, 0x0000000100000000)
  region size 1024K, 74 young (75776K), 2 survivors (2048K)
 Metaspace       used 111600K, capacity 114713K, committed 114944K, reserved 1148928K
  class space    used 14370K, capacity 15573K, committed 15616K, reserved 1048576K
}
Event: 42.231 GC heap after
{Heap after GC invocations=58 (full 0):
 garbage-first heap   total 236544K, used 143917K [0x0000000080000000, 0x0000000100000000)
  region size 1024K, 5 young (5120K), 5 survivors (5120K)
 Metaspace       used 111600K, capacity 114713K, committed 114944K, reserved 1148928K
  class space    used 14370K, capacity 15573K, committed 15616K, reserved 1048576K
}
Event: 43.244 GC heap before
{Heap before GC invocations=58 (full 0):
 garbage-first heap   total 236544K, used 197165K [0x0000000080000000, 0x0000000100000000)
  region size 1024K, 42 young (43008K), 5 survivors (5120K)
 Metaspace       used 112403K, capacity 115534K, committed 115840K, reserved 1148928K
  class space    used 14478K, capacity 15691K, committed 15744K, reserved 1048576K
}
Event: 43.251 GC heap after
{Heap after GC invocations=59 (full 0):
 garbage-first heap   total 236544K, used 164851K [0x0000000080000000, 0x0000000100000000)
  region size 1024K, 9 young (9216K), 9 survivors (9216K)
 Metaspace       used 112403K, capacity 115534K, committed 115840K, reserved 1148928K
  class space    used 14478K, capacity 15691K, committed 15744K, reserved 1048576K
}
Event: 43.401 GC heap before
{Heap before GC invocations=59 (full 0):
 garbage-first heap   total 236544K, used 231411K [0x0000000080000000, 0x0000000100000000)
  region size 1024K, 44 young (45056K), 9 survivors (9216K)
 Metaspace       used 112502K, capacity 115670K, committed 115840K, reserved 1148928K
  class space    used 14484K, capacity 15693K, committed 15744K, reserved 1048576K
}
Event: 43.415 GC heap after
{Heap after GC invocations=60 (full 0):
 garbage-first heap   total 254976K, used 191431K [0x0000000080000000, 0x0000000100000000)
  region size 1024K, 6 young (6144K), 6 survivors (6144K)
 Metaspace       used 112502K, capacity 115670K, committed 115840K, reserved 1148928K
  class space    used 14484K, capacity 15693K, committed 15744K, reserved 1048576K
}
Event: 43.650 GC heap before
{Heap before GC invocations=60 (full 0):
 garbage-first heap   total 254976K, used 214983K [0x0000000080000000, 0x0000000100000000)
  region size 1024K, 29 young (29696K), 6 survivors (6144K)
 Metaspace       used 112502K, capacity 115670K, committed 115840K, reserved 1148928K
  class space    used 14484K, capacity 15693K, committed 15744K, reserved 1048576K
}
Event: 43.668 GC heap after
{Heap after GC invocations=61 (full 0):
 garbage-first heap   total 306176K, used 201157K [0x0000000080000000, 0x0000000100000000)
  region size 1024K, 4 young (4096K), 4 survivors (4096K)
 Metaspace       used 112502K, capacity 115670K, committed 115840K, reserved 1148928K
  class space    used 14484K, capacity 15693K, committed 15744K, reserved 1048576K
}
Event: 43.864 GC heap before
{Heap before GC invocations=62 (full 0):
 garbage-first heap   total 306176K, used 248261K [0x0000000080000000, 0x0000000100000000)
  region size 1024K, 47 young (48128K), 4 survivors (4096K)
 Metaspace       used 112528K, capacity 115672K, committed 115840K, reserved 1148928K
  class space    used 14488K, capacity 15693K, committed 15744K, reserved 1048576K
}
Event: 43.898 GC heap after
{Heap after GC invocations=63 (full 0):
 garbage-first heap   total 306176K, used 221184K [0x0000000080000000, 0x0000000100000000)
  region size 1024K, 6 young (6144K), 6 survivors (6144K)
 Metaspace       used 112528K, capacity 115672K, committed 115840K, reserved 1148928K
  class space    used 14488K, capacity 15693K, committed 15744K, reserved 1048576K
}
Event: 44.003 GC heap before
{Heap before GC invocations=63 (full 0):
 garbage-first heap   total 306176K, used 231424K [0x0000000080000000, 0x0000000100000000)
  region size 1024K, 14 young (14336K), 6 survivors (6144K)
 Metaspace       used 112898K, capacity 116106K, committed 116480K, reserved 1150976K
  class space    used 14524K, capacity 15751K, committed 15872K, reserved 1048576K
}
Event: 44.026 GC heap after
{Heap after GC invocations=64 (full 0):
 garbage-first heap   total 306176K, used 212480K [0x0000000080000000, 0x0000000100000000)
  region size 1024K, 2 young (2048K), 2 survivors (2048K)
 Metaspace       used 112898K, capacity 116106K, committed 116480K, reserved 1150976K
  class space    used 14524K, capacity 15751K, committed 15872K, reserved 1048576K
}
Event: 44.168 GC heap before
{Heap before GC invocations=64 (full 0):
 garbage-first heap   total 306176K, used 247296K [0x0000000080000000, 0x0000000100000000)
  region size 1024K, 36 young (36864K), 2 survivors (2048K)
 Metaspace       used 112934K, capacity 116109K, committed 116480K, reserved 1150976K
  class space    used 14524K, capacity 15751K, committed 15872K, reserved 1048576K
}
Event: 44.192 GC heap after
{Heap after GC invocations=65 (full 0):
 garbage-first heap   total 306176K, used 230911K [0x0000000080000000, 0x0000000100000000)
  region size 1024K, 5 young (5120K), 5 survivors (5120K)
 Metaspace       used 112934K, capacity 116109K, committed 116480K, reserved 1150976K
  class space    used 14524K, capacity 15751K, committed 15872K, reserved 1048576K
}
Event: 44.325 GC heap before
{Heap before GC invocations=65 (full 0):
 garbage-first heap   total 306176K, used 251391K [0x0000000080000000, 0x0000000100000000)
  region size 1024K, 26 young (26624K), 5 survivors (5120K)
 Metaspace       used 112948K, capacity 116110K, committed 116480K, reserved 1150976K
  class space    used 14524K, capacity 15751K, committed 15872K, reserved 1048576K
}

