# JRE version: OpenJDK Runtime Environment (11.0.12+7) (build 11.0.12+7-b1504.28-7817840)
# Java VM: OpenJDK 64-Bit Server VM (11.0.12+7-b1504.28-7817840, mixed mode, tiered, compressed oops, g1 gc, windows-amd64)
Heap:
 garbage-first heap   total 540672K, used 245553K [0x0000000080000000, 0x0000000100000000)
  region size 1024K, 2 young (2048K), 2 survivors (2048K)
 Metaspace       used 181522K, capacity 189483K, committed 189740K, reserved 1214464K
  class space    used 22405K, capacity 25116K, committed 25216K, reserved 1048576K
GC Heap History (20 events):
Event: 3152.669 GC heap after
{Heap after GC invocations=358 (full 0):
 garbage-first heap   total 371712K, used 246744K [0x0000000080000000, 0x0000000100000000)
  region size 1024K, 1 young (1024K), 1 survivors (1024K)
 Metaspace       used 181398K, capacity 189377K, committed 189740K, reserved 1214464K
  class space    used 22394K, capacity 25104K, committed 25216K, reserved 1048576K
}
Event: 3152.870 GC heap before
{Heap before GC invocations=358 (full 0):
 garbage-first heap   total 371712K, used 314328K [0x0000000080000000, 0x0000000100000000)
  region size 1024K, 67 young (68608K), 1 survivors (1024K)
 Metaspace       used 181419K, capacity 189386K, committed 189740K, reserved 1214464K
  class space    used 22396K, capacity 25107K, committed 25216K, reserved 1048576K
}
Event: 3152.893 GC heap after
{Heap after GC invocations=359 (full 0):
 garbage-first heap   total 448512K, used 251476K [0x0000000080000000, 0x0000000100000000)
  region size 1024K, 6 young (6144K), 6 survivors (6144K)
 Metaspace       used 181419K, capacity 189386K, committed 189740K, reserved 1214464K
  class space    used 22396K, capacity 25107K, committed 25216K, reserved 1048576K
}
Event: 3153.743 GC heap before
{Heap before GC invocations=360 (full 0):
 garbage-first heap   total 448512K, used 339540K [0x0000000080000000, 0x0000000100000000)
  region size 1024K, 94 young (96256K), 6 survivors (6144K)
 Metaspace       used 181453K, capacity 189470K, committed 189740K, reserved 1214464K
  class space    used 22399K, capacity 25113K, committed 25216K, reserved 1048576K
}
Event: 3153.763 GC heap after
{Heap after GC invocations=361 (full 0):
 garbage-first heap   total 448512K, used 254770K [0x0000000080000000, 0x0000000100000000)
  region size 1024K, 9 young (9216K), 9 survivors (9216K)
 Metaspace       used 181453K, capacity 189470K, committed 189740K, reserved 1214464K
  class space    used 22399K, capacity 25113K, committed 25216K, reserved 1048576K
}
Event: 3154.475 GC heap before
{Heap before GC invocations=362 (full 0):
 garbage-first heap   total 448512K, used 359218K [0x0000000080000000, 0x0000000100000000)
  region size 1024K, 106 young (108544K), 9 survivors (9216K)
 Metaspace       used 181482K, capacity 189472K, committed 189740K, reserved 1214464K
  class space    used 22402K, capacity 25113K, committed 25216K, reserved 1048576K
}
Event: 3154.486 GC heap after
{Heap after GC invocations=363 (full 0):
 garbage-first heap   total 448512K, used 254288K [0x0000000080000000, 0x0000000100000000)
  region size 1024K, 5 young (5120K), 5 survivors (5120K)
 Metaspace       used 181482K, capacity 189472K, committed 189740K, reserved 1214464K
  class space    used 22402K, capacity 25113K, committed 25216K, reserved 1048576K
}
Event: 3154.791 GC heap before
{Heap before GC invocations=363 (full 0):
 garbage-first heap   total 448512K, used 358736K [0x0000000080000000, 0x0000000100000000)
  region size 1024K, 107 young (109568K), 5 survivors (5120K)
 Metaspace       used 181485K, capacity 189473K, committed 189740K, reserved 1214464K
  class space    used 22402K, capacity 25113K, committed 25216K, reserved 1048576K
}
Event: 3154.800 GC heap after
{Heap after GC invocations=364 (full 0):
 garbage-first heap   total 448512K, used 253939K [0x0000000080000000, 0x0000000100000000)
  region size 1024K, 4 young (4096K), 4 survivors (4096K)
 Metaspace       used 181485K, capacity 189473K, committed 189740K, reserved 1214464K
  class space    used 22402K, capacity 25113K, committed 25216K, reserved 1048576K
}
Event: 3155.455 GC heap before
{Heap before GC invocations=364 (full 0):
 garbage-first heap   total 448512K, used 364531K [0x0000000080000000, 0x0000000100000000)
  region size 1024K, 112 young (114688K), 4 survivors (4096K)
 Metaspace       used 181491K, capacity 189476K, committed 189740K, reserved 1214464K
  class space    used 22403K, capacity 25114K, committed 25216K, reserved 1048576K
}
Event: 3155.466 GC heap after
{Heap after GC invocations=365 (full 0):
 garbage-first heap   total 448512K, used 253507K [0x0000000080000000, 0x0000000100000000)
  region size 1024K, 4 young (4096K), 4 survivors (4096K)
 Metaspace       used 181491K, capacity 189476K, committed 189740K, reserved 1214464K
  class space    used 22403K, capacity 25114K, committed 25216K, reserved 1048576K
}
Event: 3155.762 GC heap before
{Heap before GC invocations=366 (full 0):
 garbage-first heap   total 448512K, used 367171K [0x0000000080000000, 0x0000000100000000)
  region size 1024K, 115 young (117760K), 4 survivors (4096K)
 Metaspace       used 181499K, capacity 189477K, committed 189740K, reserved 1214464K
  class space    used 22403K, capacity 25114K, committed 25216K, reserved 1048576K
}
Event: 3155.768 GC heap after
{Heap after GC invocations=367 (full 0):
 garbage-first heap   total 448512K, used 252915K [0x0000000080000000, 0x0000000100000000)
  region size 1024K, 3 young (3072K), 3 survivors (3072K)
 Metaspace       used 181499K, capacity 189477K, committed 189740K, reserved 1214464K
  class space    used 22403K, capacity 25114K, committed 25216K, reserved 1048576K
}
Event: 3155.821 GC heap before
{Heap before GC invocations=367 (full 0):
 garbage-first heap   total 448512K, used 270323K [0x0000000080000000, 0x0000000100000000)
  region size 1024K, 21 young (21504K), 3 survivors (3072K)
 Metaspace       used 181499K, capacity 189477K, committed 189740K, reserved 1214464K
  class space    used 22403K, capacity 25114K, committed 25216K, reserved 1048576K
}
Event: 3155.826 GC heap after
{Heap after GC invocations=368 (full 0):
 garbage-first heap   total 448512K, used 244619K [0x0000000080000000, 0x0000000100000000)
  region size 1024K, 3 young (3072K), 3 survivors (3072K)
 Metaspace       used 181499K, capacity 189477K, committed 189740K, reserved 1214464K
  class space    used 22403K, capacity 25114K, committed 25216K, reserved 1048576K
}
Event: 3156.128 GC heap before
{Heap before GC invocations=368 (full 0):
 garbage-first heap   total 448512K, used 369547K [0x0000000080000000, 0x0000000100000000)
  region size 1024K, 125 young (128000K), 3 survivors (3072K)
 Metaspace       used 181500K, capacity 189477K, committed 189740K, reserved 1214464K
  class space    used 22403K, capacity 25114K, committed 25216K, reserved 1048576K
}
Event: 3156.154 GC heap after
{Heap after GC invocations=369 (full 0):
 garbage-first heap   total 448512K, used 249739K [0x0000000080000000, 0x0000000100000000)
  region size 1024K, 8 young (8192K), 8 survivors (8192K)
 Metaspace       used 181500K, capacity 189477K, committed 189740K, reserved 1214464K
  class space    used 22403K, capacity 25114K, committed 25216K, reserved 1048576K
}
Event: 3157.005 GC heap before
{Heap before GC invocations=370 (full 0):
 garbage-first heap   total 448512K, used 371594K [0x0000000080000000, 0x0000000100000000)
  region size 1024K, 129 young (132096K), 8 survivors (8192K)
 Metaspace       used 181516K, capacity 189480K, committed 189740K, reserved 1214464K
  class space    used 22404K, capacity 25115K, committed 25216K, reserved 1048576K
}
Event: 3157.020 GC heap after
{Heap after GC invocations=371 (full 0):
 garbage-first heap   total 448512K, used 248347K [0x0000000080000000, 0x0000000100000000)
  region size 1024K, 9 young (9216K), 9 survivors (9216K)
 Metaspace       used 181516K, capacity 189480K, committed 189740K, reserved 1214464K
  class space    used 22404K, capacity 25115K, committed 25216K, reserved 1048576K
}
Event: 3157.089 GC heap before
{Heap before GC invocations=371 (full 0):
 garbage-first heap   total 448512K, used 259611K [0x0000000080000000, 0x0000000100000000)
  region size 1024K, 21 young (21504K), 9 survivors (9216K)
 Metaspace       used 181522K, capacity 189483K, committed 189740K, reserved 1214464K
  class space    used 22405K, capacity 25116K, committed 25216K, reserved 1048576K
}

