# JRE version: OpenJDK Runtime Environment (11.0.12+7) (build 11.0.12+7-b1504.28-7817840)
# Java VM: OpenJDK 64-Bit Server VM (11.0.12+7-b1504.28-7817840, mixed mode, tiered, compressed oops, g1 gc, windows-amd64)
Heap:
 garbage-first heap   total 196608K, used 37718K [0x0000000080000000, 0x0000000100000000)
  region size 1024K, 22 young (22528K), 13 survivors (13312K)
 Metaspace       used 44373K, capacity 45432K, committed 45568K, reserved 1093632K
  class space    used 5689K, capacity 6057K, committed 6144K, reserved 1048576K
GC Heap History (14 events):
Event: 1.002 GC heap before
{Heap before GC invocations=0 (full 0):
 garbage-first heap   total 196608K, used 20480K [0x0000000080000000, 0x0000000100000000)
  region size 1024K, 14 young (14336K), 0 survivors (0K)
 Metaspace       used 6749K, capacity 6925K, committed 7168K, reserved 1056768K
  class space    used 582K, capacity 650K, committed 768K, reserved 1048576K
}
Event: 1.045 GC heap after
{Heap after GC invocations=1 (full 0):
 garbage-first heap   total 196608K, used 7880K [0x0000000080000000, 0x0000000100000000)
  region size 1024K, 2 young (2048K), 2 survivors (2048K)
 Metaspace       used 6749K, capacity 6925K, committed 7168K, reserved 1056768K
  class space    used 582K, capacity 650K, committed 768K, reserved 1048576K
}
Event: 2.314 GC heap before
{Heap before GC invocations=1 (full 0):
 garbage-first heap   total 196608K, used 62152K [0x0000000080000000, 0x0000000100000000)
  region size 1024K, 54 young (55296K), 2 survivors (2048K)
 Metaspace       used 11015K, capacity 11257K, committed 11520K, reserved 1058816K
  class space    used 1155K, capacity 1247K, committed 1280K, reserved 1048576K
}
Event: 2.320 GC heap after
{Heap after GC invocations=2 (full 0):
 garbage-first heap   total 196608K, used 13633K [0x0000000080000000, 0x0000000100000000)
  region size 1024K, 7 young (7168K), 7 survivors (7168K)
 Metaspace       used 11015K, capacity 11257K, committed 11520K, reserved 1058816K
  class space    used 1155K, capacity 1247K, committed 1280K, reserved 1048576K
}
Event: 4.084 GC heap before
{Heap before GC invocations=2 (full 0):
 garbage-first heap   total 196608K, used 64833K [0x0000000080000000, 0x0000000100000000)
  region size 1024K, 57 young (58368K), 7 survivors (7168K)
 Metaspace       used 19594K, capacity 19975K, committed 20224K, reserved 1067008K
  class space    used 2401K, capacity 2536K, committed 2560K, reserved 1048576K
}
Event: 4.090 GC heap after
{Heap after GC invocations=3 (full 0):
 garbage-first heap   total 196608K, used 17208K [0x0000000080000000, 0x0000000100000000)
  region size 1024K, 4 young (4096K), 4 survivors (4096K)
 Metaspace       used 19594K, capacity 19975K, committed 20224K, reserved 1067008K
  class space    used 2401K, capacity 2536K, committed 2560K, reserved 1048576K
}
Event: 4.542 GC heap before
{Heap before GC invocations=3 (full 0):
 garbage-first heap   total 196608K, used 25400K [0x0000000080000000, 0x0000000100000000)
  region size 1024K, 13 young (13312K), 4 survivors (4096K)
 Metaspace       used 20762K, capacity 21138K, committed 21248K, reserved 1067008K
  class space    used 2550K, capacity 2711K, committed 2816K, reserved 1048576K
}
Event: 4.545 GC heap after
{Heap after GC invocations=4 (full 0):
 garbage-first heap   total 196608K, used 17643K [0x0000000080000000, 0x0000000100000000)
  region size 1024K, 4 young (4096K), 4 survivors (4096K)
 Metaspace       used 20762K, capacity 21138K, committed 21248K, reserved 1067008K
  class space    used 2550K, capacity 2711K, committed 2816K, reserved 1048576K
}
Event: 5.590 GC heap before
{Heap before GC invocations=5 (full 0):
 garbage-first heap   total 196608K, used 86251K [0x0000000080000000, 0x0000000100000000)
  region size 1024K, 71 young (72704K), 4 survivors (4096K)
 Metaspace       used 27528K, capacity 28174K, committed 28288K, reserved 1073152K
  class space    used 3617K, capacity 3856K, committed 3968K, reserved 1048576K
}
Event: 5.596 GC heap after
{Heap after GC invocations=6 (full 0):
 garbage-first heap   total 196608K, used 19933K [0x0000000080000000, 0x0000000100000000)
  region size 1024K, 6 young (6144K), 6 survivors (6144K)
 Metaspace       used 27528K, capacity 28174K, committed 28288K, reserved 1073152K
  class space    used 3617K, capacity 3856K, committed 3968K, reserved 1048576K
}
Event: 6.433 GC heap before
{Heap before GC invocations=6 (full 0):
 garbage-first heap   total 196608K, used 63965K [0x0000000080000000, 0x0000000100000000)
  region size 1024K, 50 young (51200K), 6 survivors (6144K)
 Metaspace       used 34924K, capacity 35722K, committed 35840K, reserved 1081344K
  class space    used 4531K, capacity 4839K, committed 4864K, reserved 1048576K
}
Event: 6.442 GC heap after
{Heap after GC invocations=7 (full 0):
 garbage-first heap   total 196608K, used 22718K [0x0000000080000000, 0x0000000100000000)
  region size 1024K, 9 young (9216K), 9 survivors (9216K)
 Metaspace       used 34924K, capacity 35722K, committed 35840K, reserved 1081344K
  class space    used 4531K, capacity 4839K, committed 4864K, reserved 1048576K
}
Event: 9.759 GC heap before
{Heap before GC invocations=8 (full 0):
 garbage-first heap   total 196608K, used 126142K [0x0000000080000000, 0x0000000100000000)
  region size 1024K, 107 young (109568K), 9 survivors (9216K)
 Metaspace       used 43814K, capacity 44796K, committed 44928K, reserved 1087488K
  class space    used 5593K, capacity 5951K, committed 6016K, reserved 1048576K
}
Event: 9.774 GC heap after
{Heap after GC invocations=9 (full 0):
 garbage-first heap   total 196608K, used 29526K [0x0000000080000000, 0x0000000100000000)
  region size 1024K, 13 young (13312K), 13 survivors (13312K)
 Metaspace       used 43814K, capacity 44796K, committed 44928K, reserved 1087488K
  class space    used 5593K, capacity 5951K, committed 6016K, reserved 1048576K
}

