# JRE version: OpenJDK Runtime Environment (11.0.12+7) (build 11.0.12+7-b1504.28-7817840)
# Java VM: OpenJDK 64-Bit Server VM (11.0.12+7-b1504.28-7817840, mixed mode, tiered, compressed oops, g1 gc, windows-amd64)
Heap:
 garbage-first heap   total 584704K, used 239907K [0x0000000080000000, 0x0000000100000000)
  region size 1024K, 2 young (2048K), 2 survivors (2048K)
 Metaspace       used 144956K, capacity 149359K, committed 149548K, reserved 1179648K
  class space    used 17938K, capacity 19505K, committed 19584K, reserved 1048576K
GC Heap History (20 events):
Event: 127.071 GC heap after
{Heap after GC invocations=126 (full 5):
 garbage-first heap   total 408576K, used 222947K [0x0000000080000000, 0x0000000100000000)
  region size 1024K, 7 young (7168K), 7 survivors (7168K)
 Metaspace       used 144597K, capacity 148967K, committed 149292K, reserved 1179648K
  class space    used 17920K, capacity 19486K, committed 19584K, reserved 1048576K
}
Event: 127.497 GC heap before
{Heap before GC invocations=126 (full 5):
 garbage-first heap   total 408576K, used 347875K [0x0000000080000000, 0x0000000100000000)
  region size 1024K, 129 young (132096K), 7 survivors (7168K)
 Metaspace       used 144602K, capacity 148968K, committed 149292K, reserved 1179648K
  class space    used 17920K, capacity 19486K, committed 19584K, reserved 1048576K
}
Event: 127.513 GC heap after
{Heap after GC invocations=127 (full 5):
 garbage-first heap   total 408576K, used 222914K [0x0000000080000000, 0x0000000100000000)
  region size 1024K, 7 young (7168K), 7 survivors (7168K)
 Metaspace       used 144602K, capacity 148968K, committed 149292K, reserved 1179648K
  class space    used 17920K, capacity 19486K, committed 19584K, reserved 1048576K
}
Event: 128.275 GC heap before
{Heap before GC invocations=128 (full 5):
 garbage-first heap   total 408576K, used 348866K [0x0000000080000000, 0x0000000100000000)
  region size 1024K, 130 young (133120K), 7 survivors (7168K)
 Metaspace       used 144637K, capacity 148975K, committed 149292K, reserved 1179648K
  class space    used 17923K, capacity 19488K, committed 19584K, reserved 1048576K
}
Event: 128.288 GC heap after
{Heap after GC invocations=129 (full 5):
 garbage-first heap   total 408576K, used 228394K [0x0000000080000000, 0x0000000100000000)
  region size 1024K, 13 young (13312K), 13 survivors (13312K)
 Metaspace       used 144637K, capacity 148975K, committed 149292K, reserved 1179648K
  class space    used 17923K, capacity 19488K, committed 19584K, reserved 1048576K
}
Event: 128.305 GC heap before
{Heap before GC invocations=129 (full 5):
 garbage-first heap   total 408576K, used 234538K [0x0000000080000000, 0x0000000100000000)
  region size 1024K, 19 young (19456K), 13 survivors (13312K)
 Metaspace       used 144637K, capacity 148975K, committed 149292K, reserved 1179648K
  class space    used 17923K, capacity 19488K, committed 19584K, reserved 1048576K
}
Event: 128.325 GC heap after
{Heap after GC invocations=130 (full 5):
 garbage-first heap   total 408576K, used 219980K [0x0000000080000000, 0x0000000100000000)
  region size 1024K, 2 young (2048K), 2 survivors (2048K)
 Metaspace       used 144637K, capacity 148975K, committed 149292K, reserved 1179648K
  class space    used 17923K, capacity 19488K, committed 19584K, reserved 1048576K
}
Event: 128.756 GC heap before
{Heap before GC invocations=130 (full 5):
 garbage-first heap   total 408576K, used 347980K [0x0000000080000000, 0x0000000100000000)
  region size 1024K, 126 young (129024K), 2 survivors (2048K)
 Metaspace       used 144785K, capacity 149106K, committed 149292K, reserved 1179648K
  class space    used 17926K, capacity 19488K, committed 19584K, reserved 1048576K
}
Event: 128.767 GC heap after
{Heap after GC invocations=131 (full 5):
 garbage-first heap   total 476160K, used 223226K [0x0000000080000000, 0x0000000100000000)
  region size 1024K, 5 young (5120K), 5 survivors (5120K)
 Metaspace       used 144785K, capacity 149106K, committed 149292K, reserved 1179648K
  class space    used 17926K, capacity 19488K, committed 19584K, reserved 1048576K
}
Event: 129.507 GC heap before
{Heap before GC invocations=131 (full 5):
 garbage-first heap   total 476160K, used 379898K [0x0000000080000000, 0x0000000100000000)
  region size 1024K, 159 young (162816K), 5 survivors (5120K)
 Metaspace       used 144853K, capacity 149246K, committed 149548K, reserved 1179648K
  class space    used 17929K, capacity 19490K, committed 19584K, reserved 1048576K
}
Event: 129.517 GC heap after
{Heap after GC invocations=132 (full 5):
 garbage-first heap   total 476160K, used 226049K [0x0000000080000000, 0x0000000100000000)
  region size 1024K, 8 young (8192K), 8 survivors (8192K)
 Metaspace       used 144853K, capacity 149246K, committed 149548K, reserved 1179648K
  class space    used 17929K, capacity 19490K, committed 19584K, reserved 1048576K
}
Event: 130.062 GC heap before
{Heap before GC invocations=132 (full 5):
 garbage-first heap   total 476160K, used 406273K [0x0000000080000000, 0x0000000100000000)
  region size 1024K, 184 young (188416K), 8 survivors (8192K)
 Metaspace       used 144905K, capacity 149283K, committed 149548K, reserved 1179648K
  class space    used 17935K, capacity 19501K, committed 19584K, reserved 1048576K
}
Event: 130.083 GC heap after
{Heap after GC invocations=133 (full 5):
 garbage-first heap   total 476160K, used 236001K [0x0000000080000000, 0x0000000100000000)
  region size 1024K, 18 young (18432K), 18 survivors (18432K)
 Metaspace       used 144905K, capacity 149283K, committed 149548K, reserved 1179648K
  class space    used 17935K, capacity 19501K, committed 19584K, reserved 1048576K
}
Event: 130.456 GC heap before
{Heap before GC invocations=133 (full 5):
 garbage-first heap   total 476160K, used 366049K [0x0000000080000000, 0x0000000100000000)
  region size 1024K, 147 young (150528K), 18 survivors (18432K)
 Metaspace       used 144926K, capacity 149358K, committed 149548K, reserved 1179648K
  class space    used 17938K, capacity 19505K, committed 19584K, reserved 1048576K
}
Event: 130.501 GC heap after
{Heap after GC invocations=134 (full 5):
 garbage-first heap   total 476160K, used 247310K [0x0000000080000000, 0x0000000100000000)
  region size 1024K, 13 young (13312K), 13 survivors (13312K)
 Metaspace       used 144926K, capacity 149358K, committed 149548K, reserved 1179648K
  class space    used 17938K, capacity 19505K, committed 19584K, reserved 1048576K
}
Event: 131.374 GC heap before
{Heap before GC invocations=135 (full 5):
 garbage-first heap   total 476160K, used 399886K [0x0000000080000000, 0x0000000100000000)
  region size 1024K, 157 young (160768K), 13 survivors (13312K)
 Metaspace       used 144937K, capacity 149359K, committed 149548K, reserved 1179648K
  class space    used 17938K, capacity 19505K, committed 19584K, reserved 1048576K
}
Event: 131.402 GC heap after
{Heap after GC invocations=136 (full 5):
 garbage-first heap   total 476160K, used 255171K [0x0000000080000000, 0x0000000100000000)
  region size 1024K, 11 young (11264K), 11 survivors (11264K)
 Metaspace       used 144937K, capacity 149359K, committed 149548K, reserved 1179648K
  class space    used 17938K, capacity 19505K, committed 19584K, reserved 1048576K
}
Event: 131.425 GC heap before
{Heap before GC invocations=136 (full 5):
 garbage-first heap   total 476160K, used 267459K [0x0000000080000000, 0x0000000100000000)
  region size 1024K, 23 young (23552K), 11 survivors (11264K)
 Metaspace       used 144939K, capacity 149359K, committed 149548K, reserved 1179648K
  class space    used 17938K, capacity 19505K, committed 19584K, reserved 1048576K
}
Event: 131.446 GC heap after
{Heap after GC invocations=137 (full 5):
 garbage-first heap   total 476160K, used 240791K [0x0000000080000000, 0x0000000100000000)
  region size 1024K, 2 young (2048K), 2 survivors (2048K)
 Metaspace       used 144939K, capacity 149359K, committed 149548K, reserved 1179648K
  class space    used 17938K, capacity 19505K, committed 19584K, reserved 1048576K
}
Event: 131.856 GC heap before
{Heap before GC invocations=137 (full 5):
 garbage-first heap   total 476160K, used 393367K [0x0000000080000000, 0x0000000100000000)
  region size 1024K, 151 young (154624K), 2 survivors (2048K)
 Metaspace       used 144956K, capacity 149359K, committed 149548K, reserved 1179648K
  class space    used 17938K, capacity 19505K, committed 19584K, reserved 1048576K
}

